-- The C compiler identification is GNU 13.3.0
-- The CXX compiler identification is GNU 13.3.0
-- Detecting C compiler ABI info
-- Detecting C compiler ABI info - done
-- Check for working C compiler: /usr/bin/gcc - skipped
-- Detecting C compile features
-- Detecting C compile features - done
-- Detecting CXX compiler ABI info
-- Detecting CXX compiler ABI info - done
-- Check for working CXX compiler: /usr/bin/g++ - skipped
-- Detecting CXX compile features
-- Detecting CXX compile features - done
-- Found Git: /usr/bin/git (found version "2.43.0") 
FluffOS 20240714-4a59909c-6555a4cc-uncommited (Debug)
  C: '/usr/bin/gcc' (GNU 13.3.0)
  CXX: '/usr/bin/g++' (GNU 13.3.0)
Building on: 'Linux-5.15.167.4-microsoft-standard-WSL2' for 'Linux-5.15.167.4-microsoft-standard-WSL2'
Installing to /mnt/c/Users/matsl/fluffos/build_gcc_Debug
-- Could NOT find GTest (missing: GTEST_LIBRARY GTEST_INCLUDE_DIR GTEST_MAIN_LIBRARY) 
-- Performing Test SUPPORT_PIE
-- Performing Test SUPPORT_PIE - Success
-- Linking dynamic driver.
-- Looking for C++ include dirent.h
-- Looking for C++ include dirent.h - found
-- Looking for C++ include time.h
-- Looking for C++ include time.h - found
-- Looking for C++ include signal.h
